2020-11-06 13:33:37 debug: Finish Exported file from Vscode to Excel
2020-11-06 13:41:21 info: Start Import VBA files
2020-11-06 13:41:21 debug: Delete temp Files Success!
2020-11-06 13:41:21 debug: Command Status: Command Run
2020-11-06 13:41:21 debug: Finish Exported file from Vscode to Excel
2020-11-06 13:41:23 debug: Start Move VBA files from tmp to Workspace
2020-11-06 13:41:23 debug: Finish Move VBA files from tmp to Workspace
2020-11-06 13:41:23 debug: Start Move VBA files from tmp to Workspace
2020-11-06 13:41:23 debug: Finish Move VBA files from tmp to Workspace
2020-11-06 13:41:54 info: Start Import VBA files
2020-11-06 13:41:54 debug: Delete temp Files Success!
2020-11-06 13:41:54 debug: Command Status: Command Run
2020-11-06 13:41:54 debug: Finish Exported file from Vscode to Excel
2020-11-06 13:41:57 debug: Start Move VBA files from tmp to Workspace
2020-11-06 13:41:57 debug: Finish Move VBA files from tmp to Workspace
2020-11-06 13:42:13 info: Start Import VBA files
2020-11-06 13:42:13 debug: Delete temp Files Success!
2020-11-06 13:42:13 debug: Command Status: Command Run
2020-11-06 13:42:13 debug: Finish Exported file from Vscode to Excel
2020-11-06 13:42:15 debug: Start Move VBA files from tmp to Workspace
2020-11-06 13:42:15 debug: Finish Move VBA files from tmp to Workspace
